<?xml version="1.0" encoding="UTF-8"?><testsuite errors="0" failures="1" name="com.serenity.appium.poc.serenityAppiumPOC.FlipkartAppTest" skipped="0" tests="1" time="0.0" timestamp="2016-11-322 06:04:18"><testcase classname="com.serenity.appium.poc.serenityAppiumPOC.FlipkartAppTest" name="Initialisation"><failure message="The page object class com.serenity.appium.poc.serenityAppiumPOC.FlipkartLoginPage looks dodgy:&#10;This page object does not appear have a constructor that takes a WebDriver parameter" type="net.thucydides.core.pages.WrongPageError">The page object class com.serenity.appium.poc.serenityAppiumPOC.FlipkartLoginPage looks dodgy:
This page object does not appear have a constructor that takes a WebDriver parameter</failure><system-err>The page object class com.serenity.appium.poc.serenityAppiumPOC.FlipkartLoginPage looks dodgy:
This page object does not appear have a constructor that takes a WebDriver parameter
org.eclipse.jdt.internal.junit4.runner.JUnit4TestReference.run(JUnit4TestReference.java:86)
org.eclipse.jdt.internal.junit.runner.TestExecution.run(TestExecution.java:38)
org.eclipse.jdt.internal.junit.runner.RemoteTestRunner.runTests(RemoteTestRunner.java:459)
org.eclipse.jdt.internal.junit.runner.RemoteTestRunner.runTests(RemoteTestRunner.java:678)
org.eclipse.jdt.internal.junit.runner.RemoteTestRunner.run(RemoteTestRunner.java:382)
org.eclipse.jdt.internal.junit.runner.RemoteTestRunner.main(RemoteTestRunner.java:192)
</system-err></testcase></testsuite>